app/build/intermediates/manifest_merge_blame_file/debug/manifest-merger-blame-debug-report.txt
1<?xml version="1.0" encoding="utf-8"?>
2<manifest xmlns:android="http://schemas.android.com/apk/res/android"
3    package="com.dicoding.submission1.skin"
4    android:versionCode="1"
5    android:versionName="1.0" >
6
7    <uses-sdk
8        android:minSdkVersion="21"
8-->src\main\AndroidManifest.xml
9        android:targetSdkVersion="33" />
9-->src\main\AndroidManifest.xml
10
11    <uses-permission android:name="android.permission.INTERNET" />
11-->src\main\AndroidManifest.xml:6:5-67
11-->src\main\AndroidManifest.xml:6:22-64
12
13    <uses-feature android:name="android.hardware.camera" />
13-->src\main\AndroidManifest.xml:8:5-60
13-->src\main\AndroidManifest.xml:8:19-57
14
15    <uses-permission android:name="android.permission.CAMERA" />
15-->src\main\AndroidManifest.xml:10:5-65
15-->src\main\AndroidManifest.xml:10:22-62
16
17    <!-- Include required permissions for Google Maps API to run. -->
18    <uses-permission android:name="android.permission.ACCESS_NETWORK_STATE" />
18-->[com.google.android.gms:play-services-maps:18.1.0] AndroidManifest.xml:23:5-79
18-->[com.google.android.gms:play-services-maps:18.1.0] AndroidManifest.xml:23:22-76
19
20    <uses-feature
20-->[com.google.android.gms:play-services-maps:18.1.0] AndroidManifest.xml:26:5-28:35
21        android:glEsVersion="0x00020000"
21-->[com.google.android.gms:play-services-maps:18.1.0] AndroidManifest.xml:27:9-41
22        android:required="true" />
22-->[com.google.android.gms:play-services-maps:18.1.0] AndroidManifest.xml:28:9-32
23
24    <queries>
24-->[com.google.android.gms:play-services-maps:18.1.0] AndroidManifest.xml:30:5-34:15
25
26        <!-- Needs to be explicitly declared on Android R+ -->
27        <package android:name="com.google.android.apps.maps" />
27-->[com.google.android.gms:play-services-maps:18.1.0] AndroidManifest.xml:33:9-64
27-->[com.google.android.gms:play-services-maps:18.1.0] AndroidManifest.xml:33:18-61
28    </queries>
29
30    <permission
30-->[androidx.core:core:1.10.1] AndroidManifest.xml:22:5-24:47
31        android:name="com.dicoding.submission1.skin.DYNAMIC_RECEIVER_NOT_EXPORTED_PERMISSION"
31-->[androidx.core:core:1.10.1] AndroidManifest.xml:23:9-81
32        android:protectionLevel="signature" />
32-->[androidx.core:core:1.10.1] AndroidManifest.xml:24:9-44
33
34    <uses-permission android:name="com.dicoding.submission1.skin.DYNAMIC_RECEIVER_NOT_EXPORTED_PERMISSION" />
34-->[androidx.core:core:1.10.1] AndroidManifest.xml:26:5-97
34-->[androidx.core:core:1.10.1] AndroidManifest.xml:26:22-94
35
36    <application
36-->src\main\AndroidManifest.xml:12:5-47:19
37        android:allowBackup="true"
37-->src\main\AndroidManifest.xml:13:9-35
38        android:appComponentFactory="androidx.core.app.CoreComponentFactory"
38-->[androidx.core:core:1.10.1] AndroidManifest.xml:28:18-86
39        android:dataExtractionRules="@xml/data_extraction_rules"
39-->src\main\AndroidManifest.xml:14:9-65
40        android:debuggable="true"
41        android:fullBackupContent="@xml/backup_rules"
41-->src\main\AndroidManifest.xml:15:9-54
42        android:icon="@mipmap/ic_launcher"
42-->src\main\AndroidManifest.xml:16:9-43
43        android:label="@string/app_name"
43-->src\main\AndroidManifest.xml:17:9-41
44        android:roundIcon="@mipmap/ic_launcher_round"
44-->src\main\AndroidManifest.xml:18:9-54
45        android:supportsRtl="true"
45-->src\main\AndroidManifest.xml:19:9-35
46        android:testOnly="true"
47        android:theme="@style/Theme.Skin" >
47-->src\main\AndroidManifest.xml:20:9-42
48
49        <!--
50             TODO: Before you run your application, you need a Google Maps API key.
51
52             To get one, follow the directions here:
53
54                https://developers.google.com/maps/documentation/android-sdk/get-api-key
55
56             Once you have your API key (it starts with "AIza"), define a new property in your
57             project's local.properties file (e.g. MAPS_API_KEY=Aiza...), and replace the
58             "YOUR_API_KEY" string in this file with "${MAPS_API_KEY}".
59        -->
60
61        <activity
61-->src\main\AndroidManifest.xml:35:9-43:20
62            android:name="com.dicoding.submission1.skin.ui.auth.AuthActivity"
62-->src\main\AndroidManifest.xml:36:13-49
63            android:exported="true" >
63-->src\main\AndroidManifest.xml:37:13-36
64            <intent-filter>
64-->src\main\AndroidManifest.xml:38:13-42:29
65                <action android:name="android.intent.action.MAIN" />
65-->src\main\AndroidManifest.xml:39:17-69
65-->src\main\AndroidManifest.xml:39:25-66
66
67                <category android:name="android.intent.category.LAUNCHER" />
67-->src\main\AndroidManifest.xml:41:17-77
67-->src\main\AndroidManifest.xml:41:27-74
68            </intent-filter>
69        </activity>
70        <activity
70-->src\main\AndroidManifest.xml:44:9-46:39
71            android:name="com.dicoding.submission1.skin.ui.main.MainActivity"
71-->src\main\AndroidManifest.xml:45:13-49
72            android:exported="true" />
72-->src\main\AndroidManifest.xml:46:13-36
73
74        <service
74-->[androidx.room:room-runtime:2.6.0-alpha01] AndroidManifest.xml:24:9-28:63
75            android:name="androidx.room.MultiInstanceInvalidationService"
75-->[androidx.room:room-runtime:2.6.0-alpha01] AndroidManifest.xml:25:13-74
76            android:directBootAware="true"
76-->[androidx.room:room-runtime:2.6.0-alpha01] AndroidManifest.xml:26:13-43
77            android:exported="false" /> <!-- Needs to be explicitly declared on P+ -->
77-->[androidx.room:room-runtime:2.6.0-alpha01] AndroidManifest.xml:27:13-37
78        <uses-library
78-->[com.google.android.gms:play-services-maps:18.1.0] AndroidManifest.xml:39:9-41:40
79            android:name="org.apache.http.legacy"
79-->[com.google.android.gms:play-services-maps:18.1.0] AndroidManifest.xml:40:13-50
80            android:required="false" />
80-->[com.google.android.gms:play-services-maps:18.1.0] AndroidManifest.xml:41:13-37
81
82        <activity
82-->[com.google.android.gms:play-services-base:18.0.1] AndroidManifest.xml:20:9-22:45
83            android:name="com.google.android.gms.common.api.GoogleApiActivity"
83-->[com.google.android.gms:play-services-base:18.0.1] AndroidManifest.xml:20:19-85
84            android:exported="false"
84-->[com.google.android.gms:play-services-base:18.0.1] AndroidManifest.xml:22:19-43
85            android:theme="@android:style/Theme.Translucent.NoTitleBar" />
85-->[com.google.android.gms:play-services-base:18.0.1] AndroidManifest.xml:21:19-78
86
87        <meta-data
87-->[com.google.android.gms:play-services-basement:18.0.0] AndroidManifest.xml:21:9-23:69
88            android:name="com.google.android.gms.version"
88-->[com.google.android.gms:play-services-basement:18.0.0] AndroidManifest.xml:22:13-58
89            android:value="@integer/google_play_services_version" />
89-->[com.google.android.gms:play-services-basement:18.0.0] AndroidManifest.xml:23:13-66
90
91        <service
91-->[androidx.camera:camera-camera2:1.2.3] AndroidManifest.xml:24:9-33:19
92            android:name="androidx.camera.core.impl.MetadataHolderService"
92-->[androidx.camera:camera-camera2:1.2.3] AndroidManifest.xml:25:13-75
93            android:enabled="false"
93-->[androidx.camera:camera-camera2:1.2.3] AndroidManifest.xml:26:13-36
94            android:exported="false" >
94-->[androidx.camera:camera-camera2:1.2.3] AndroidManifest.xml:27:13-37
95            <meta-data
95-->[androidx.camera:camera-camera2:1.2.3] AndroidManifest.xml:30:13-32:89
96                android:name="androidx.camera.core.impl.MetadataHolderService.DEFAULT_CONFIG_PROVIDER"
96-->[androidx.camera:camera-camera2:1.2.3] AndroidManifest.xml:31:17-103
97                android:value="androidx.camera.camera2.Camera2Config$DefaultProvider" />
97-->[androidx.camera:camera-camera2:1.2.3] AndroidManifest.xml:32:17-86
98        </service>
99
100        <provider
100-->[androidx.emoji2:emoji2:1.2.0] AndroidManifest.xml:24:9-32:20
101            android:name="androidx.startup.InitializationProvider"
101-->[androidx.emoji2:emoji2:1.2.0] AndroidManifest.xml:25:13-67
102            android:authorities="com.dicoding.submission1.skin.androidx-startup"
102-->[androidx.emoji2:emoji2:1.2.0] AndroidManifest.xml:26:13-68
103            android:exported="false" >
103-->[androidx.emoji2:emoji2:1.2.0] AndroidManifest.xml:27:13-37
104            <meta-data
104-->[androidx.emoji2:emoji2:1.2.0] AndroidManifest.xml:29:13-31:52
105                android:name="androidx.emoji2.text.EmojiCompatInitializer"
105-->[androidx.emoji2:emoji2:1.2.0] AndroidManifest.xml:30:17-75
106                android:value="androidx.startup" />
106-->[androidx.emoji2:emoji2:1.2.0] AndroidManifest.xml:31:17-49
107            <meta-data
107-->[androidx.lifecycle:lifecycle-process:2.6.1] AndroidManifest.xml:29:13-31:52
108                android:name="androidx.lifecycle.ProcessLifecycleInitializer"
108-->[androidx.lifecycle:lifecycle-process:2.6.1] AndroidManifest.xml:30:17-78
109                android:value="androidx.startup" />
109-->[androidx.lifecycle:lifecycle-process:2.6.1] AndroidManifest.xml:31:17-49
110            <meta-data
110-->[androidx.profileinstaller:profileinstaller:1.3.0] AndroidManifest.xml:29:13-31:52
111                android:name="androidx.profileinstaller.ProfileInstallerInitializer"
111-->[androidx.profileinstaller:profileinstaller:1.3.0] AndroidManifest.xml:30:17-85
112                android:value="androidx.startup" />
112-->[androidx.profileinstaller:profileinstaller:1.3.0] AndroidManifest.xml:31:17-49
113        </provider>
114
115        <uses-library
115-->[androidx.window:window:1.0.0] AndroidManifest.xml:25:9-27:40
116            android:name="androidx.window.extensions"
116-->[androidx.window:window:1.0.0] AndroidManifest.xml:26:13-54
117            android:required="false" />
117-->[androidx.window:window:1.0.0] AndroidManifest.xml:27:13-37
118        <uses-library
118-->[androidx.window:window:1.0.0] AndroidManifest.xml:28:9-30:40
119            android:name="androidx.window.sidecar"
119-->[androidx.window:window:1.0.0] AndroidManifest.xml:29:13-51
120            android:required="false" />
120-->[androidx.window:window:1.0.0] AndroidManifest.xml:30:13-37
121
122        <receiver
122-->[androidx.profileinstaller:profileinstaller:1.3.0] AndroidManifest.xml:34:9-52:20
123            android:name="androidx.profileinstaller.ProfileInstallReceiver"
123-->[androidx.profileinstaller:profileinstaller:1.3.0] AndroidManifest.xml:35:13-76
124            android:directBootAware="false"
124-->[androidx.profileinstaller:profileinstaller:1.3.0] AndroidManifest.xml:36:13-44
125            android:enabled="true"
125-->[androidx.profileinstaller:profileinstaller:1.3.0] AndroidManifest.xml:37:13-35
126            android:exported="true"
126-->[androidx.profileinstaller:profileinstaller:1.3.0] AndroidManifest.xml:38:13-36
127            android:permission="android.permission.DUMP" >
127-->[androidx.profileinstaller:profileinstaller:1.3.0] AndroidManifest.xml:39:13-57
128            <intent-filter>
128-->[androidx.profileinstaller:profileinstaller:1.3.0] AndroidManifest.xml:40:13-42:29
129                <action android:name="androidx.profileinstaller.action.INSTALL_PROFILE" />
129-->[androidx.profileinstaller:profileinstaller:1.3.0] AndroidManifest.xml:41:17-91
129-->[androidx.profileinstaller:profileinstaller:1.3.0] AndroidManifest.xml:41:25-88
130            </intent-filter>
131            <intent-filter>
131-->[androidx.profileinstaller:profileinstaller:1.3.0] AndroidManifest.xml:43:13-45:29
132                <action android:name="androidx.profileinstaller.action.SKIP_FILE" />
132-->[androidx.profileinstaller:profileinstaller:1.3.0] AndroidManifest.xml:44:17-85
132-->[androidx.profileinstaller:profileinstaller:1.3.0] AndroidManifest.xml:44:25-82
133            </intent-filter>
134            <intent-filter>
134-->[androidx.profileinstaller:profileinstaller:1.3.0] AndroidManifest.xml:46:13-48:29
135                <action android:name="androidx.profileinstaller.action.SAVE_PROFILE" />
135-->[androidx.profileinstaller:profileinstaller:1.3.0] AndroidManifest.xml:47:17-88
135-->[androidx.profileinstaller:profileinstaller:1.3.0] AndroidManifest.xml:47:25-85
136            </intent-filter>
137            <intent-filter>
137-->[androidx.profileinstaller:profileinstaller:1.3.0] AndroidManifest.xml:49:13-51:29
138                <action android:name="androidx.profileinstaller.action.BENCHMARK_OPERATION" />
138-->[androidx.profileinstaller:profileinstaller:1.3.0] AndroidManifest.xml:50:17-95
138-->[androidx.profileinstaller:profileinstaller:1.3.0] AndroidManifest.xml:50:25-92
139            </intent-filter>
140        </receiver>
141    </application>
142
143</manifest>